0 info it worked if it ends with ok
1 verbose cli [ '/usr/local/bin/node',
1 verbose cli   '/Users/thomasscully-king/.npm-global/bin/npm',
1 verbose cli   'run',
1 verbose cli   'deploy' ]
2 info using npm@4.1.1
3 info using node@v8.6.0
4 verbose run-script [ 'predeploy', 'deploy', 'postdeploy' ]
5 info lifecycle test@0.1.0~predeploy: test@0.1.0
6 verbose lifecycle test@0.1.0~predeploy: unsafe-perm in lifecycle true
7 verbose lifecycle test@0.1.0~predeploy: PATH: /Users/thomasscully-king/.npm-global/lib/node_modules/npm/bin/node-gyp-bin:/Users/thomasscully-king/Desktop/react-weather-app/node_modules/.bin:/opt/local/bin:/opt/local/sbin:/Library/Frameworks/Python.framework/Versions/2.7/bin:/Users/thomasscully-king/.npm-global/bin:/usr/local/bin:/usr/bin:/bin:/usr/sbin:/sbin:/opt/X11/bin:/usr/local/git/bin
8 verbose lifecycle test@0.1.0~predeploy: CWD: /Users/thomasscully-king/Desktop/react-weather-app
9 silly lifecycle test@0.1.0~predeploy: Args: [ '-c', 'npm run build' ]
10 silly lifecycle test@0.1.0~predeploy: Returned: code: 1  signal: null
11 info lifecycle test@0.1.0~predeploy: Failed to exec predeploy script
12 verbose stack Error: test@0.1.0 predeploy: `npm run build`
12 verbose stack Exit status 1
12 verbose stack     at EventEmitter.<anonymous> (/Users/thomasscully-king/.npm-global/lib/node_modules/npm/lib/utils/lifecycle.js:279:16)
12 verbose stack     at emitTwo (events.js:125:13)
12 verbose stack     at EventEmitter.emit (events.js:213:7)
12 verbose stack     at ChildProcess.<anonymous> (/Users/thomasscully-king/.npm-global/lib/node_modules/npm/lib/utils/spawn.js:40:14)
12 verbose stack     at emitTwo (events.js:125:13)
12 verbose stack     at ChildProcess.emit (events.js:213:7)
12 verbose stack     at maybeClose (internal/child_process.js:927:16)
12 verbose stack     at Process.ChildProcess._handle.onexit (internal/child_process.js:211:5)
13 verbose pkgid test@0.1.0
14 verbose cwd /Users/thomasscully-king/Desktop/react-weather-app
15 error Darwin 15.6.0
16 error argv "/usr/local/bin/node" "/Users/thomasscully-king/.npm-global/bin/npm" "run" "deploy"
17 error node v8.6.0
18 error npm  v4.1.1
19 error code ELIFECYCLE
20 error test@0.1.0 predeploy: `npm run build`
20 error Exit status 1
21 error Failed at the test@0.1.0 predeploy script 'npm run build'.
21 error Make sure you have the latest version of node.js and npm installed.
21 error If you do, this is most likely a problem with the test package,
21 error not with npm itself.
21 error Tell the author that this fails on your system:
21 error     npm run build
21 error You can get information on how to open an issue for this project with:
21 error     npm bugs test
21 error Or if that isn't available, you can get their info via:
21 error     npm owner ls test
21 error There is likely additional logging output above.
22 verbose exit [ 1, true ]
